d:\noanime\task_1\task_1\x64\debug\vc143.pdb
d:\noanime\task_1\task_1\x64\debug\vc143.idb
d:\noanime\task_1\task_1\x64\debug\stack.obj
d:\noanime\task_1\task_1\x64\debug\queue.obj
d:\noanime\task_1\task_1\x64\debug\memory.obj
d:\noanime\task_1\task_1\x64\debug\main.obj
d:\noanime\task_1\task_1\x64\debug\lexer.obj
d:\noanime\task_1\task_1\x64\debug\fsm.obj
d:\noanime\task_1\task_1\x64\debug\deque.obj
d:\noanime\task_1\x64\debug\task_1.exe
d:\noanime\task_1\task_1\x64\debug\task_1.ilk
d:\noanime\task_1\x64\debug\task_1.pdb
d:\noanime\task_1\task_1\x64\debug\fsm.obj.enc
d:\noanime\task_1\task_1\x64\debug\vc142.idb
d:\noanime\task_1\task_1\x64\debug\vc142.pdb
d:\noanime\task_1\task_1\x64\debug\task_1.tlog\cl.command.1.tlog
d:\noanime\task_1\task_1\x64\debug\task_1.tlog\cl.read.1.tlog
d:\noanime\task_1\task_1\x64\debug\task_1.tlog\cl.write.1.tlog
d:\noanime\task_1\task_1\x64\debug\task_1.tlog\link.command.1.tlog
d:\noanime\task_1\task_1\x64\debug\task_1.tlog\link.read.1.tlog
d:\noanime\task_1\task_1\x64\debug\task_1.tlog\link.write.1.tlog
